<?xml version="1.0" encoding="UTF-8"?>
<testsuite name="springsecurity.study.aws1.web.IndexControllerTest" tests="1" skipped="0" failures="0" errors="0" timestamp="2021-08-24T05:49:33" hostname="DESKTOP-SCCD9HU" time="0.615">
  <properties/>
  <testcase name="메인페이지_로딩()" classname="springsecurity.study.aws1.web.IndexControllerTest" time="0.615"/>
  <system-out><![CDATA[14:49:23.851 [Test worker] DEBUG org.springframework.test.context.BootstrapUtils - Instantiating CacheAwareContextLoaderDelegate from class [org.springframework.test.context.cache.DefaultCacheAwareContextLoaderDelegate]
14:49:23.882 [Test worker] DEBUG org.springframework.test.context.BootstrapUtils - Instantiating BootstrapContext using constructor [public org.springframework.test.context.support.DefaultBootstrapContext(java.lang.Class,org.springframework.test.context.CacheAwareContextLoaderDelegate)]
14:49:23.934 [Test worker] DEBUG org.springframework.test.context.BootstrapUtils - Instantiating TestContextBootstrapper for test class [springsecurity.study.aws1.web.IndexControllerTest] from class [org.springframework.boot.test.context.SpringBootTestContextBootstrapper]
14:49:23.952 [Test worker] INFO org.springframework.boot.test.context.SpringBootTestContextBootstrapper - Neither @ContextConfiguration nor @ContextHierarchy found for test class [springsecurity.study.aws1.web.IndexControllerTest], using SpringBootContextLoader
14:49:23.959 [Test worker] DEBUG org.springframework.test.context.support.AbstractContextLoader - Did not detect default resource location for test class [springsecurity.study.aws1.web.IndexControllerTest]: class path resource [springsecurity/study/aws1/web/IndexControllerTest-context.xml] does not exist
14:49:23.960 [Test worker] DEBUG org.springframework.test.context.support.AbstractContextLoader - Did not detect default resource location for test class [springsecurity.study.aws1.web.IndexControllerTest]: class path resource [springsecurity/study/aws1/web/IndexControllerTestContext.groovy] does not exist
14:49:23.961 [Test worker] INFO org.springframework.test.context.support.AbstractContextLoader - Could not detect default resource locations for test class [springsecurity.study.aws1.web.IndexControllerTest]: no resource found for suffixes {-context.xml, Context.groovy}.
14:49:23.962 [Test worker] INFO org.springframework.test.context.support.AnnotationConfigContextLoaderUtils - Could not detect default configuration classes for test class [springsecurity.study.aws1.web.IndexControllerTest]: IndexControllerTest does not declare any static, non-private, non-final, nested classes annotated with @Configuration.
14:49:24.038 [Test worker] DEBUG org.springframework.test.context.support.ActiveProfilesUtils - Could not find an 'annotation declaring class' for annotation type [org.springframework.test.context.ActiveProfiles] and class [springsecurity.study.aws1.web.IndexControllerTest]
14:49:24.194 [Test worker] DEBUG org.springframework.context.annotation.ClassPathScanningCandidateComponentProvider - Identified candidate component class: file [C:\Users\IntegralHan\Desktop\aws1\build\classes\java\main\springsecurity\study\aws1\Application.class]
14:49:24.196 [Test worker] INFO org.springframework.boot.test.context.SpringBootTestContextBootstrapper - Found @SpringBootConfiguration springsecurity.study.aws1.Application for test class springsecurity.study.aws1.web.IndexControllerTest
14:49:24.381 [Test worker] DEBUG org.springframework.boot.test.context.SpringBootTestContextBootstrapper - @TestExecutionListeners is not present for class [springsecurity.study.aws1.web.IndexControllerTest]: using defaults.
14:49:24.382 [Test worker] INFO org.springframework.boot.test.context.SpringBootTestContextBootstrapper - Loaded default TestExecutionListener class names from location [META-INF/spring.factories]: [org.springframework.boot.test.autoconfigure.restdocs.RestDocsTestExecutionListener, org.springframework.boot.test.autoconfigure.web.client.MockRestServiceServerResetTestExecutionListener, org.springframework.boot.test.autoconfigure.web.servlet.MockMvcPrintOnlyOnFailureTestExecutionListener, org.springframework.boot.test.autoconfigure.web.servlet.WebDriverTestExecutionListener, org.springframework.boot.test.autoconfigure.webservices.client.MockWebServiceServerTestExecutionListener, org.springframework.boot.test.mock.mockito.MockitoTestExecutionListener, org.springframework.boot.test.mock.mockito.ResetMocksTestExecutionListener, org.springframework.test.context.web.ServletTestExecutionListener, org.springframework.test.context.support.DirtiesContextBeforeModesTestExecutionListener, org.springframework.test.context.support.DependencyInjectionTestExecutionListener, org.springframework.test.context.support.DirtiesContextTestExecutionListener, org.springframework.test.context.transaction.TransactionalTestExecutionListener, org.springframework.test.context.jdbc.SqlScriptsTestExecutionListener, org.springframework.test.context.event.EventPublishingTestExecutionListener]
14:49:24.430 [Test worker] INFO org.springframework.boot.test.context.SpringBootTestContextBootstrapper - Using TestExecutionListeners: [org.springframework.test.context.web.ServletTestExecutionListener@6585b052, org.springframework.test.context.support.DirtiesContextBeforeModesTestExecutionListener@1a669dfd, org.springframework.boot.test.mock.mockito.MockitoTestExecutionListener@75cf44d1, org.springframework.boot.test.autoconfigure.SpringBootDependencyInjectionTestExecutionListener@30361872, org.springframework.test.context.support.DirtiesContextTestExecutionListener@78793906, org.springframework.test.context.transaction.TransactionalTestExecutionListener@565eca81, org.springframework.test.context.jdbc.SqlScriptsTestExecutionListener@5938f557, org.springframework.test.context.event.EventPublishingTestExecutionListener@594d838a, org.springframework.boot.test.autoconfigure.restdocs.RestDocsTestExecutionListener@684d20ac, org.springframework.boot.test.autoconfigure.web.client.MockRestServiceServerResetTestExecutionListener@4867e5e6, org.springframework.boot.test.autoconfigure.web.servlet.MockMvcPrintOnlyOnFailureTestExecutionListener@566b33f0, org.springframework.boot.test.autoconfigure.web.servlet.WebDriverTestExecutionListener@638fab64, org.springframework.boot.test.autoconfigure.webservices.client.MockWebServiceServerTestExecutionListener@62c6aff9, org.springframework.boot.test.mock.mockito.ResetMocksTestExecutionListener@15f93e92]
14:49:24.448 [Test worker] DEBUG org.springframework.test.context.support.AbstractDirtiesContextTestExecutionListener - Before test class: context [DefaultTestContext@17ff9897 testClass = IndexControllerTest, testInstance = [null], testMethod = [null], testException = [null], mergedContextConfiguration = [WebMergedContextConfiguration@170197a testClass = IndexControllerTest, locations = '{}', classes = '{class springsecurity.study.aws1.Application}', contextInitializerClasses = '[]', activeProfiles = '{}', propertySourceLocations = '{}', propertySourceProperties = '{org.springframework.boot.test.context.SpringBootTestContextBootstrapper=true, server.port=0}', contextCustomizers = set[org.springframework.boot.test.autoconfigure.actuate.metrics.MetricsExportContextCustomizerFactory$DisableMetricExportContextCustomizer@5bbf1aa, org.springframework.boot.test.autoconfigure.properties.PropertyMappingContextCustomizer@0, org.springframework.boot.test.autoconfigure.web.servlet.WebDriverContextCustomizerFactory$Customizer@2aaad6f3, org.springframework.boot.test.context.filter.ExcludeFilterContextCustomizer@1788c8a1, org.springframework.boot.test.json.DuplicateJsonObjectContextCustomizerFactory$DuplicateJsonObjectContextCustomizer@131acb07, org.springframework.boot.test.mock.mockito.MockitoContextCustomizer@0, org.springframework.boot.test.web.client.TestRestTemplateContextCustomizer@2295c53b, org.springframework.boot.test.context.SpringBootTestArgs@1, org.springframework.boot.test.context.SpringBootTestWebEnvironment@950435f], resourceBasePath = 'src/main/webapp', contextLoader = 'org.springframework.boot.test.context.SpringBootContextLoader', parent = [null]], attributes = map['org.springframework.test.context.web.ServletTestExecutionListener.activateListener' -> false]], class annotated with @DirtiesContext [false] with mode [null].
14:49:24.478 [Test worker] DEBUG org.springframework.test.context.support.DependencyInjectionTestExecutionListener - Performing dependency injection for test context [[DefaultTestContext@17ff9897 testClass = IndexControllerTest, testInstance = springsecurity.study.aws1.web.IndexControllerTest@7ab2eaef, testMethod = [null], testException = [null], mergedContextConfiguration = [WebMergedContextConfiguration@170197a testClass = IndexControllerTest, locations = '{}', classes = '{class springsecurity.study.aws1.Application}', contextInitializerClasses = '[]', activeProfiles = '{}', propertySourceLocations = '{}', propertySourceProperties = '{org.springframework.boot.test.context.SpringBootTestContextBootstrapper=true, server.port=0}', contextCustomizers = set[org.springframework.boot.test.autoconfigure.actuate.metrics.MetricsExportContextCustomizerFactory$DisableMetricExportContextCustomizer@5bbf1aa, org.springframework.boot.test.autoconfigure.properties.PropertyMappingContextCustomizer@0, org.springframework.boot.test.autoconfigure.web.servlet.WebDriverContextCustomizerFactory$Customizer@2aaad6f3, org.springframework.boot.test.context.filter.ExcludeFilterContextCustomizer@1788c8a1, org.springframework.boot.test.json.DuplicateJsonObjectContextCustomizerFactory$DuplicateJsonObjectContextCustomizer@131acb07, org.springframework.boot.test.mock.mockito.MockitoContextCustomizer@0, org.springframework.boot.test.web.client.TestRestTemplateContextCustomizer@2295c53b, org.springframework.boot.test.context.SpringBootTestArgs@1, org.springframework.boot.test.context.SpringBootTestWebEnvironment@950435f], resourceBasePath = 'src/main/webapp', contextLoader = 'org.springframework.boot.test.context.SpringBootContextLoader', parent = [null]], attributes = map['org.springframework.test.context.web.ServletTestExecutionListener.activateListener' -> false]]].
14:49:24.539 [Test worker] DEBUG org.springframework.test.context.support.TestPropertySourceUtils - Adding inlined properties to environment: {spring.jmx.enabled=false, org.springframework.boot.test.context.SpringBootTestContextBootstrapper=true, server.port=0}

  .   ____          _            __ _ _
 /\\ / ___'_ __ _ _(_)_ __  __ _ \ \ \ \
( ( )\___ | '_ | '_| | '_ \/ _` | \ \ \ \
 \\/  ___)| |_)| | | | | || (_| |  ) ) ) )
  '  |____| .__|_| |_|_| |_\__, | / / / /
 =========|_|==============|___/=/_/_/_/
 :: Spring Boot ::                (v2.4.1)

2021-08-24 14:49:25.068  INFO 19864 --- [    Test worker] s.study.aws1.web.IndexControllerTest     : Starting IndexControllerTest using Java 11.0.10 on DESKTOP-SCCD9HU with PID 19864 (started by IntegralHan in C:\Users\IntegralHan\Desktop\aws1)
2021-08-24 14:49:25.073  INFO 19864 --- [    Test worker] s.study.aws1.web.IndexControllerTest     : No active profile set, falling back to default profiles: default
2021-08-24 14:49:26.323  INFO 19864 --- [    Test worker] .s.d.r.c.RepositoryConfigurationDelegate : Bootstrapping Spring Data JPA repositories in DEFAULT mode.
2021-08-24 14:49:26.437  INFO 19864 --- [    Test worker] .s.d.r.c.RepositoryConfigurationDelegate : Finished Spring Data repository scanning in 99 ms. Found 1 JPA repository interfaces.
2021-08-24 14:49:27.601  INFO 19864 --- [    Test worker] o.s.b.w.embedded.tomcat.TomcatWebServer  : Tomcat initialized with port(s): 0 (http)
2021-08-24 14:49:27.621  INFO 19864 --- [    Test worker] o.apache.catalina.core.StandardService   : Starting service [Tomcat]
2021-08-24 14:49:27.622  INFO 19864 --- [    Test worker] org.apache.catalina.core.StandardEngine  : Starting Servlet engine: [Apache Tomcat/9.0.41]
2021-08-24 14:49:27.870  INFO 19864 --- [    Test worker] o.a.c.c.C.[Tomcat].[localhost].[/]       : Initializing Spring embedded WebApplicationContext
2021-08-24 14:49:27.870  INFO 19864 --- [    Test worker] w.s.c.ServletWebServerApplicationContext : Root WebApplicationContext: initialization completed in 2753 ms
2021-08-24 14:49:28.010  INFO 19864 --- [    Test worker] com.zaxxer.hikari.HikariDataSource       : HikariPool-1 - Starting...
2021-08-24 14:49:28.405  INFO 19864 --- [    Test worker] com.zaxxer.hikari.HikariDataSource       : HikariPool-1 - Start completed.
2021-08-24 14:49:28.420  INFO 19864 --- [    Test worker] o.s.b.a.h2.H2ConsoleAutoConfiguration    : H2 console available at '/h2-console'. Database available at 'jdbc:h2:mem:testdb'
2021-08-24 14:49:29.014  INFO 19864 --- [    Test worker] o.hibernate.jpa.internal.util.LogHelper  : HHH000204: Processing PersistenceUnitInfo [name: default]
2021-08-24 14:49:29.146  INFO 19864 --- [    Test worker] org.hibernate.Version                    : HHH000412: Hibernate ORM core version 5.4.25.Final
2021-08-24 14:49:29.463  INFO 19864 --- [    Test worker] o.hibernate.annotations.common.Version   : HCANN000001: Hibernate Commons Annotations {5.1.2.Final}
2021-08-24 14:49:29.724  INFO 19864 --- [    Test worker] org.hibernate.dialect.Dialect            : HHH000400: Using dialect: org.hibernate.dialect.MySQL57Dialect
Hibernate: drop table if exists posts
Hibernate: create table posts (id bigint not null auto_increment, created_date datetime(6), modified_date datetime(6), author varchar(255), content TEXT not null, title varchar(500) not null, primary key (id)) engine=InnoDB
2021-08-24 14:49:31.009  INFO 19864 --- [    Test worker] o.h.e.t.j.p.i.JtaPlatformInitiator       : HHH000490: Using JtaPlatform implementation: [org.hibernate.engine.transaction.jta.platform.internal.NoJtaPlatform]
2021-08-24 14:49:31.027  INFO 19864 --- [    Test worker] j.LocalContainerEntityManagerFactoryBean : Initialized JPA EntityManagerFactory for persistence unit 'default'
2021-08-24 14:49:31.837  WARN 19864 --- [    Test worker] JpaBaseConfiguration$JpaWebConfiguration : spring.jpa.open-in-view is enabled by default. Therefore, database queries may be performed during view rendering. Explicitly configure spring.jpa.open-in-view to disable this warning
2021-08-24 14:49:32.337  INFO 19864 --- [    Test worker] o.s.s.concurrent.ThreadPoolTaskExecutor  : Initializing ExecutorService 'applicationTaskExecutor'
2021-08-24 14:49:32.602  INFO 19864 --- [    Test worker] o.s.b.a.w.s.WelcomePageHandlerMapping    : Adding welcome page template: index
2021-08-24 14:49:33.266  INFO 19864 --- [    Test worker] o.s.b.w.embedded.tomcat.TomcatWebServer  : Tomcat started on port(s): 64545 (http) with context path ''
2021-08-24 14:49:33.280  INFO 19864 --- [    Test worker] s.study.aws1.web.IndexControllerTest     : Started IndexControllerTest in 8.736 seconds (JVM running for 11.642)
2021-08-24 14:49:33.683  INFO 19864 --- [o-auto-1-exec-1] o.a.c.c.C.[Tomcat].[localhost].[/]       : Initializing Spring DispatcherServlet 'dispatcherServlet'
2021-08-24 14:49:33.684  INFO 19864 --- [o-auto-1-exec-1] o.s.web.servlet.DispatcherServlet        : Initializing Servlet 'dispatcherServlet'
2021-08-24 14:49:33.686  INFO 19864 --- [o-auto-1-exec-1] o.s.web.servlet.DispatcherServlet        : Completed initialization in 2 ms
]]></system-out>
  <system-err><![CDATA[]]></system-err>
</testsuite>
